# JRE version: OpenJDK Runtime Environment (8.0_252-b09) (build 1.8.0_252-8u252-b09-1~18.04-b09)
# Java VM: OpenJDK 64-Bit Server VM (25.252-b09 mixed mode linux-amd64 compressed oops)
Heap:
 PSYoungGen      total 137216K, used 12777K [0x00000000f5580000, 0x0000000100000000, 0x0000000100000000)
  eden space 124416K, 0% used [0x00000000f5580000,0x00000000f5580000,0x00000000fcf00000)
  from space 12800K, 99% used [0x00000000ff380000,0x00000000ffffa460,0x0000000100000000)
  to   space 25088K, 0% used [0x00000000fcf00000,0x00000000fcf00000,0x00000000fe780000)
 ParOldGen       total 218624K, used 216992K [0x00000000e0000000, 0x00000000ed580000, 0x00000000f5580000)
  object space 218624K, 99% used [0x00000000e0000000,0x00000000ed3e8038,0x00000000ed580000)
 Metaspace       used 78810K, capacity 83364K, committed 83504K, reserved 1122304K
  class space    used 9970K, capacity 10935K, committed 11056K, reserved 1048576K
GC Heap History (10 events):
Event: 15039.482 GC heap after
Heap after GC invocations=37 (full 3):
 PSYoungGen      total 160256K, used 7545K [0x00000000f5580000, 0x00000000fff00000, 0x0000000100000000)
  eden space 147968K, 0% used [0x00000000f5580000,0x00000000f5580000,0x00000000fe600000)
  from space 12288K, 61% used [0x00000000ff300000,0x00000000ffa5e7b8,0x00000000fff00000)
  to   space 12800K, 0% used [0x00000000fe600000,0x00000000fe600000,0x00000000ff280000)
 ParOldGen       total 216576K, used 175302K [0x00000000e0000000, 0x00000000ed380000, 0x00000000f5580000)
  object space 216576K, 80% used [0x00000000e0000000,0x00000000eab31b78,0x00000000ed380000)
 Metaspace       used 71307K, capacity 75682K, committed 75952K, reserved 1116160K
  class space    used 9128K, capacity 10126K, committed 10160K, reserved 1048576K
}
Event: 15062.158 GC heap before
{Heap before GC invocations=38 (full 3):
 PSYoungGen      total 160256K, used 155513K [0x00000000f5580000, 0x00000000fff00000, 0x0000000100000000)
  eden space 147968K, 100% used [0x00000000f5580000,0x00000000fe600000,0x00000000fe600000)
  from space 12288K, 61% used [0x00000000ff300000,0x00000000ffa5e7b8,0x00000000fff00000)
  to   space 12800K, 0% used [0x00000000fe600000,0x00000000fe600000,0x00000000ff280000)
 ParOldGen       total 216576K, used 175302K [0x00000000e0000000, 0x00000000ed380000, 0x00000000f5580000)
  object space 216576K, 80% used [0x00000000e0000000,0x00000000eab31b78,0x00000000ed380000)
 Metaspace       used 71563K, capacity 76066K, committed 76208K, reserved 1116160K
  class space    used 9142K, capacity 10136K, committed 10160K, reserved 1048576K
Event: 15062.541 GC heap after
Heap after GC invocations=38 (full 3):
 PSYoungGen      total 160768K, used 8832K [0x00000000f5580000, 0x0000000100000000, 0x0000000100000000)
  eden space 147968K, 0% used [0x00000000f5580000,0x00000000f5580000,0x00000000fe600000)
  from space 12800K, 69% used [0x00000000fe600000,0x00000000feea0000,0x00000000ff280000)
  to   space 12800K, 0% used [0x00000000ff380000,0x00000000ff380000,0x0000000100000000)
 ParOldGen       total 216576K, used 180475K [0x00000000e0000000, 0x00000000ed380000, 0x00000000f5580000)
  object space 216576K, 83% used [0x00000000e0000000,0x00000000eb03eea8,0x00000000ed380000)
 Metaspace       used 71563K, capacity 76066K, committed 76208K, reserved 1116160K
  class space    used 9142K, capacity 10136K, committed 10160K, reserved 1048576K
}
Event: 15072.809 GC heap before
{Heap before GC invocations=39 (full 3):
 PSYoungGen      total 160768K, used 156800K [0x00000000f5580000, 0x0000000100000000, 0x0000000100000000)
  eden space 147968K, 100% used [0x00000000f5580000,0x00000000fe600000,0x00000000fe600000)
  from space 12800K, 69% used [0x00000000fe600000,0x00000000feea0000,0x00000000ff280000)
  to   space 12800K, 0% used [0x00000000ff380000,0x00000000ff380000,0x0000000100000000)
 ParOldGen       total 216576K, used 180475K [0x00000000e0000000, 0x00000000ed380000, 0x00000000f5580000)
  object space 216576K, 83% used [0x00000000e0000000,0x00000000eb03eea8,0x00000000ed380000)
 Metaspace       used 72900K, capacity 77354K, committed 77488K, reserved 1116160K
  class space    used 9323K, capacity 10318K, committed 10416K, reserved 1048576K
Event: 15072.907 GC heap after
Heap after GC invocations=39 (full 3):
 PSYoungGen      total 161792K, used 6204K [0x00000000f5580000, 0x0000000100000000, 0x0000000100000000)
  eden space 148992K, 0% used [0x00000000f5580000,0x00000000f5580000,0x00000000fe700000)
  from space 12800K, 48% used [0x00000000ff380000,0x00000000ff98f348,0x0000000100000000)
  to   space 12800K, 0% used [0x00000000fe700000,0x00000000fe700000,0x00000000ff380000)
 ParOldGen       total 216576K, used 186584K [0x00000000e0000000, 0x00000000ed380000, 0x00000000f5580000)
  object space 216576K, 86% used [0x00000000e0000000,0x00000000eb636370,0x00000000ed380000)
 Metaspace       used 72900K, capacity 77354K, committed 77488K, reserved 1116160K
  class space    used 9323K, capacity 10318K, committed 10416K, reserved 1048576K
}
Event: 15082.441 GC heap before
{Heap before GC invocations=40 (full 3):
 PSYoungGen      total 161792K, used 155196K [0x00000000f5580000, 0x0000000100000000, 0x0000000100000000)
  eden space 148992K, 100% used [0x00000000f5580000,0x00000000fe700000,0x00000000fe700000)
  from space 12800K, 48% used [0x00000000ff380000,0x00000000ff98f348,0x0000000100000000)
  to   space 12800K, 0% used [0x00000000fe700000,0x00000000fe700000,0x00000000ff380000)
 ParOldGen       total 216576K, used 186584K [0x00000000e0000000, 0x00000000ed380000, 0x00000000f5580000)
  object space 216576K, 86% used [0x00000000e0000000,0x00000000eb636370,0x00000000ed380000)
 Metaspace       used 78522K, capacity 83062K, committed 83376K, reserved 1122304K
  class space    used 9937K, capacity 10912K, committed 10928K, reserved 1048576K
Event: 15083.383 GC heap after
Heap after GC invocations=40 (full 3):
 PSYoungGen      total 161792K, used 12769K [0x00000000f5580000, 0x0000000100000000, 0x0000000100000000)
  eden space 148992K, 0% used [0x00000000f5580000,0x00000000f5580000,0x00000000fe700000)
  from space 12800K, 99% used [0x00000000fe700000,0x00000000ff3785b0,0x00000000ff380000)
  to   space 12800K, 0% used [0x00000000ff380000,0x00000000ff380000,0x0000000100000000)
 ParOldGen       total 216576K, used 202223K [0x00000000e0000000, 0x00000000ed380000, 0x00000000f5580000)
  object space 216576K, 93% used [0x00000000e0000000,0x00000000ec57bfc0,0x00000000ed380000)
 Metaspace       used 78522K, capacity 83062K, committed 83376K, reserved 1122304K
  class space    used 9937K, capacity 10912K, committed 10928K, reserved 1048576K
}
Event: 15239.993 GC heap before
{Heap before GC invocations=41 (full 3):
 PSYoungGen      total 161792K, used 161761K [0x00000000f5580000, 0x0000000100000000, 0x0000000100000000)
  eden space 148992K, 100% used [0x00000000f5580000,0x00000000fe700000,0x00000000fe700000)
  from space 12800K, 99% used [0x00000000fe700000,0x00000000ff3785b0,0x00000000ff380000)
  to   space 12800K, 0% used [0x00000000ff380000,0x00000000ff380000,0x0000000100000000)
 ParOldGen       total 216576K, used 202223K [0x00000000e0000000, 0x00000000ed380000, 0x00000000f5580000)
  object space 216576K, 93% used [0x00000000e0000000,0x00000000ec57bfc0,0x00000000ed380000)
 Metaspace       used 78810K, capacity 83364K, committed 83504K, reserved 1122304K
  class space    used 9970K, capacity 10935K, committed 11056K, reserved 1048576K
Event: 15241.410 GC heap after
Heap after GC invocations=41 (full 3):
 PSYoungGen      total 137216K, used 12777K [0x00000000f5580000, 0x0000000100000000, 0x0000000100000000)
  eden space 124416K, 0% used [0x00000000f5580000,0x00000000f5580000,0x00000000fcf00000)
  from space 12800K, 99% used [0x00000000ff380000,0x00000000ffffa460,0x0000000100000000)
  to   space 25088K, 0% used [0x00000000fcf00000,0x00000000fcf00000,0x00000000fe780000)
 ParOldGen       total 218624K, used 216992K [0x00000000e0000000, 0x00000000ed580000, 0x00000000f5580000)
  object space 218624K, 99% used [0x00000000e0000000,0x00000000ed3e8038,0x00000000ed580000)
 Metaspace       used 78810K, capacity 83364K, committed 83504K, reserved 1122304K
  class space    used 9970K, capacity 10935K, committed 11056K, reserved 1048576K
}
Event: 15241.451 GC heap before
{Heap before GC invocations=42 (full 4):
 PSYoungGen      total 137216K, used 12777K [0x00000000f5580000, 0x0000000100000000, 0x0000000100000000)
  eden space 124416K, 0% used [0x00000000f5580000,0x00000000f5580000,0x00000000fcf00000)
  from space 12800K, 99% used [0x00000000ff380000,0x00000000ffffa460,0x0000000100000000)
  to   space 25088K, 0% used [0x00000000fcf00000,0x00000000fcf00000,0x00000000fe780000)
 ParOldGen       total 218624K, used 216992K [0x00000000e0000000, 0x00000000ed580000, 0x00000000f5580000)
  object space 218624K, 99% used [0x00000000e0000000,0x00000000ed3e8038,0x00000000ed580000)
 Metaspace       used 78810K, capacity 83364K, committed 83504K, reserved 1122304K
  class space    used 9970K, capacity 10935K, committed 11056K, reserved 1048576K

