# JRE version: OpenJDK Runtime Environment (8.0_252-b09) (build 1.8.0_252-8u252-b09-1~18.04-b09)
# Java VM: OpenJDK 64-Bit Server VM (25.252-b09 mixed mode linux-amd64 compressed oops)
Heap:
 PSYoungGen      total 185344K, used 134348K [0x00000000ebc00000, 0x00000000f8f00000, 0x0000000100000000)
  eden space 169984K, 70% used [0x00000000ebc00000,0x00000000f3035c38,0x00000000f6200000)
  from space 15360K, 99% used [0x00000000f6d00000,0x00000000f7bfd4e0,0x00000000f7c00000)
  to   space 19456K, 0% used [0x00000000f7c00000,0x00000000f7c00000,0x00000000f8f00000)
 ParOldGen       total 83968K, used 48200K [0x00000000c3400000, 0x00000000c8600000, 0x00000000ebc00000)
  object space 83968K, 57% used [0x00000000c3400000,0x00000000c6312278,0x00000000c8600000)
 Metaspace       used 66144K, capacity 70398K, committed 70656K, reserved 1110016K
  class space    used 9181K, capacity 9906K, committed 9984K, reserved 1048576K
GC Heap History (10 events):
Event: 33.856 GC heap before
{Heap before GC invocations=20 (full 2):
 PSYoungGen      total 142336K, used 142313K [0x00000000ebc00000, 0x00000000f6c80000, 0x0000000100000000)
  eden space 134144K, 100% used [0x00000000ebc00000,0x00000000f3f00000,0x00000000f3f00000)
  from space 8192K, 99% used [0x00000000f3f00000,0x00000000f46fa540,0x00000000f4700000)
  to   space 10240K, 0% used [0x00000000f6280000,0x00000000f6280000,0x00000000f6c80000)
 ParOldGen       total 51712K, used 19681K [0x00000000c3400000, 0x00000000c6680000, 0x00000000ebc00000)
  object space 51712K, 38% used [0x00000000c3400000,0x00000000c47385b0,0x00000000c6680000)
 Metaspace       used 49545K, capacity 52198K, committed 52480K, reserved 1093632K
  class space    used 6813K, capacity 7301K, committed 7424K, reserved 1048576K
Event: 33.880 GC heap after
Heap after GC invocations=20 (full 2):
 PSYoungGen      total 166912K, used 10222K [0x00000000ebc00000, 0x00000000f7400000, 0x0000000100000000)
  eden space 156672K, 0% used [0x00000000ebc00000,0x00000000ebc00000,0x00000000f5500000)
  from space 10240K, 99% used [0x00000000f6280000,0x00000000f6c7ba48,0x00000000f6c80000)
  to   space 13824K, 0% used [0x00000000f5500000,0x00000000f5500000,0x00000000f6280000)
 ParOldGen       total 51712K, used 25445K [0x00000000c3400000, 0x00000000c6680000, 0x00000000ebc00000)
  object space 51712K, 49% used [0x00000000c3400000,0x00000000c4cd9658,0x00000000c6680000)
 Metaspace       used 49545K, capacity 52198K, committed 52480K, reserved 1093632K
  class space    used 6813K, capacity 7301K, committed 7424K, reserved 1048576K
}
Event: 38.252 GC heap before
{Heap before GC invocations=21 (full 2):
 PSYoungGen      total 166912K, used 153689K [0x00000000ebc00000, 0x00000000f7400000, 0x0000000100000000)
  eden space 156672K, 91% used [0x00000000ebc00000,0x00000000f481abe8,0x00000000f5500000)
  from space 10240K, 99% used [0x00000000f6280000,0x00000000f6c7ba48,0x00000000f6c80000)
  to   space 13824K, 0% used [0x00000000f5500000,0x00000000f5500000,0x00000000f6280000)
 ParOldGen       total 51712K, used 25445K [0x00000000c3400000, 0x00000000c6680000, 0x00000000ebc00000)
  object space 51712K, 49% used [0x00000000c3400000,0x00000000c4cd9658,0x00000000c6680000)
 Metaspace       used 55634K, capacity 59030K, committed 59096K, reserved 1099776K
  class space    used 7687K, capacity 8278K, committed 8320K, reserved 1048576K
Event: 38.276 GC heap after
Heap after GC invocations=21 (full 2):
 PSYoungGen      total 170496K, used 9620K [0x00000000ebc00000, 0x00000000f8f00000, 0x0000000100000000)
  eden space 156672K, 0% used [0x00000000ebc00000,0x00000000ebc00000,0x00000000f5500000)
  from space 13824K, 69% used [0x00000000f5500000,0x00000000f5e65100,0x00000000f6280000)
  to   space 14848K, 0% used [0x00000000f8080000,0x00000000f8080000,0x00000000f8f00000)
 ParOldGen       total 51712K, used 30087K [0x00000000c3400000, 0x00000000c6680000, 0x00000000ebc00000)
  object space 51712K, 58% used [0x00000000c3400000,0x00000000c5161f88,0x00000000c6680000)
 Metaspace       used 55634K, capacity 59030K, committed 59096K, reserved 1099776K
  class space    used 7687K, capacity 8278K, committed 8320K, reserved 1048576K
}
Event: 38.276 GC heap before
{Heap before GC invocations=22 (full 3):
 PSYoungGen      total 170496K, used 9620K [0x00000000ebc00000, 0x00000000f8f00000, 0x0000000100000000)
  eden space 156672K, 0% used [0x00000000ebc00000,0x00000000ebc00000,0x00000000f5500000)
  from space 13824K, 69% used [0x00000000f5500000,0x00000000f5e65100,0x00000000f6280000)
  to   space 14848K, 0% used [0x00000000f8080000,0x00000000f8080000,0x00000000f8f00000)
 ParOldGen       total 51712K, used 30087K [0x00000000c3400000, 0x00000000c6680000, 0x00000000ebc00000)
  object space 51712K, 58% used [0x00000000c3400000,0x00000000c5161f88,0x00000000c6680000)
 Metaspace       used 55634K, capacity 59030K, committed 59096K, reserved 1099776K
  class space    used 7687K, capacity 8278K, committed 8320K, reserved 1048576K
Event: 38.558 GC heap after
Heap after GC invocations=22 (full 3):
 PSYoungGen      total 170496K, used 0K [0x00000000ebc00000, 0x00000000f8f00000, 0x0000000100000000)
  eden space 156672K, 0% used [0x00000000ebc00000,0x00000000ebc00000,0x00000000f5500000)
  from space 13824K, 0% used [0x00000000f5500000,0x00000000f5500000,0x00000000f6280000)
  to   space 14848K, 0% used [0x00000000f8080000,0x00000000f8080000,0x00000000f8f00000)
 ParOldGen       total 83968K, used 33756K [0x00000000c3400000, 0x00000000c8600000, 0x00000000ebc00000)
  object space 83968K, 40% used [0x00000000c3400000,0x00000000c54f7030,0x00000000c8600000)
 Metaspace       used 55634K, capacity 59030K, committed 59096K, reserved 1099776K
  class space    used 7687K, capacity 8278K, committed 8320K, reserved 1048576K
}
Event: 42.751 GC heap before
{Heap before GC invocations=23 (full 3):
 PSYoungGen      total 170496K, used 156672K [0x00000000ebc00000, 0x00000000f8f00000, 0x0000000100000000)
  eden space 156672K, 100% used [0x00000000ebc00000,0x00000000f5500000,0x00000000f5500000)
  from space 13824K, 0% used [0x00000000f5500000,0x00000000f5500000,0x00000000f6280000)
  to   space 14848K, 0% used [0x00000000f8080000,0x00000000f8080000,0x00000000f8f00000)
 ParOldGen       total 83968K, used 33756K [0x00000000c3400000, 0x00000000c8600000, 0x00000000ebc00000)
  object space 83968K, 40% used [0x00000000c3400000,0x00000000c54f7030,0x00000000c8600000)
 Metaspace       used 61447K, capacity 65512K, committed 65664K, reserved 1105920K
  class space    used 8641K, capacity 9343K, committed 9344K, reserved 1048576K
Event: 42.766 GC heap after
Heap after GC invocations=23 (full 3):
 PSYoungGen      total 187392K, used 10261K [0x00000000ebc00000, 0x00000000f8b00000, 0x0000000100000000)
  eden space 176640K, 0% used [0x00000000ebc00000,0x00000000ebc00000,0x00000000f6880000)
  from space 10752K, 95% used [0x00000000f8080000,0x00000000f8a85650,0x00000000f8b00000)
  to   space 15360K, 0% used [0x00000000f6d00000,0x00000000f6d00000,0x00000000f7c00000)
 ParOldGen       total 83968K, used 33764K [0x00000000c3400000, 0x00000000c8600000, 0x00000000ebc00000)
  object space 83968K, 40% used [0x00000000c3400000,0x00000000c54f9030,0x00000000c8600000)
 Metaspace       used 61447K, capacity 65512K, committed 65664K, reserved 1105920K
  class space    used 8641K, capacity 9343K, committed 9344K, reserved 1048576K
}
Event: 11025.213 GC heap before
{Heap before GC invocations=24 (full 3):
 PSYoungGen      total 187392K, used 186901K [0x00000000ebc00000, 0x00000000f8b00000, 0x0000000100000000)
  eden space 176640K, 100% used [0x00000000ebc00000,0x00000000f6880000,0x00000000f6880000)
  from space 10752K, 95% used [0x00000000f8080000,0x00000000f8a85650,0x00000000f8b00000)
  to   space 15360K, 0% used [0x00000000f6d00000,0x00000000f6d00000,0x00000000f7c00000)
 ParOldGen       total 83968K, used 33764K [0x00000000c3400000, 0x00000000c8600000, 0x00000000ebc00000)
  object space 83968K, 40% used [0x00000000c3400000,0x00000000c54f9030,0x00000000c8600000)
 Metaspace       used 65973K, capacity 70230K, committed 70400K, reserved 1110016K
  class space    used 9154K, capacity 9872K, committed 9984K, reserved 1048576K
Event: 11063.269 GC heap after
Heap after GC invocations=24 (full 3):
 PSYoungGen      total 185344K, used 15349K [0x00000000ebc00000, 0x00000000f8f00000, 0x0000000100000000)
  eden space 169984K, 0% used [0x00000000ebc00000,0x00000000ebc00000,0x00000000f6200000)
  from space 15360K, 99% used [0x00000000f6d00000,0x00000000f7bfd4e0,0x00000000f7c00000)
  to   space 19456K, 0% used [0x00000000f7c00000,0x00000000f7c00000,0x00000000f8f00000)
 ParOldGen       total 83968K, used 48200K [0x00000000c3400000, 0x00000000c8600000, 0x00000000ebc00000)
  object space 83968K, 57% used [0x00000000c3400000,0x00000000c6312278,0x00000000c8600000)
 Metaspace       used 65973K, capacity 70230K, committed 70400K, reserved 1110016K
  class space    used 9154K, capacity 9872K, committed 9984K, reserved 1048576K
}

